Qrcode02/app/build/intermediates/manifest_merge_blame_file/debug/manifest-merger-blame-debug-report.txt
1<?xml version="1.0" encoding="utf-8"?>
2<manifest xmlns:android="http://schemas.android.com/apk/res/android"
3    package="com.firstapp.qrcode02"
4    android:versionCode="1"
5    android:versionName="1.0" >
6
7    <uses-sdk
8        android:minSdkVersion="16"
8-->src\main\AndroidManifest.xml
9        android:targetSdkVersion="30" />
9-->src\main\AndroidManifest.xml
10
11    <uses-permission android:name="android.permission.CAMERA" />
11-->src\main\AndroidManifest.xml:5:5-81
11-->src\main\AndroidManifest.xml:5:22-62
12    <uses-permission android:name="android.permission.VIBRATE" />
12-->src\main\AndroidManifest.xml:6:5-82
12-->src\main\AndroidManifest.xml:6:22-63
13
14    <application
14-->src\main\AndroidManifest.xml:8:5-24:19
15        android:allowBackup="true"
15-->src\main\AndroidManifest.xml:9:9-35
16        android:appComponentFactory="androidx.core.app.CoreComponentFactory"
16-->[androidx.core:core:1.3.1] AndroidManifest.xml:24:18-86
17        android:debuggable="true"
18        android:icon="@mipmap/ic_launcher"
18-->src\main\AndroidManifest.xml:10:9-43
19        android:label="@string/app_name"
19-->src\main\AndroidManifest.xml:11:9-41
20        android:roundIcon="@mipmap/ic_launcher_round"
20-->src\main\AndroidManifest.xml:12:9-54
21        android:supportsRtl="true"
21-->src\main\AndroidManifest.xml:13:9-35
22        android:testOnly="true"
23        android:theme="@style/Theme.Qrcode02" >
23-->src\main\AndroidManifest.xml:14:9-46
24        <activity android:name="com.firstapp.qrcode02.MainActivity" >
24-->src\main\AndroidManifest.xml:15:9-21:20
24-->src\main\AndroidManifest.xml:15:19-47
25            <intent-filter>
25-->src\main\AndroidManifest.xml:16:13-20:29
26                <action android:name="android.intent.action.MAIN" />
26-->src\main\AndroidManifest.xml:17:17-69
26-->src\main\AndroidManifest.xml:17:25-66
27
28                <category android:name="android.intent.category.LAUNCHER" />
28-->src\main\AndroidManifest.xml:19:17-77
28-->src\main\AndroidManifest.xml:19:27-74
29            </intent-filter>
30        </activity>
31
32        <meta-data
32-->src\main\AndroidManifest.xml:22:9-23:49
33            android:name="com.google.android.gms.vision.DEPENDENCIES"
33-->src\main\AndroidManifest.xml:22:20-77
34            android:value="barcode" />
34-->src\main\AndroidManifest.xml:23:13-36
35
36        <activity
36-->[com.google.android.gms:play-services-base:15.0.1] AndroidManifest.xml:23:9-26:75
37            android:name="com.google.android.gms.common.api.GoogleApiActivity"
37-->[com.google.android.gms:play-services-base:15.0.1] AndroidManifest.xml:24:13-79
38            android:exported="false"
38-->[com.google.android.gms:play-services-base:15.0.1] AndroidManifest.xml:25:13-37
39            android:theme="@android:style/Theme.Translucent.NoTitleBar" />
39-->[com.google.android.gms:play-services-base:15.0.1] AndroidManifest.xml:26:13-72
40
41        <meta-data
41-->[com.google.android.gms:play-services-basement:15.0.1] AndroidManifest.xml:23:9-25:69
42            android:name="com.google.android.gms.version"
42-->[com.google.android.gms:play-services-basement:15.0.1] AndroidManifest.xml:24:13-58
43            android:value="@integer/google_play_services_version" />
43-->[com.google.android.gms:play-services-basement:15.0.1] AndroidManifest.xml:25:13-66
44    </application>
45
46</manifest>